Compiled application.js  (0ms)  (pid 30252)
Compiled home.css  (107ms)  (pid 30252)
Compiled main.css  (0ms)  (pid 30252)
Compiled normalize.min.css  (0ms)  (pid 30252)
Compiled scaffolds.css  (86ms)  (pid 30252)
Compiled application.css  (595ms)  (pid 30252)
Compiled application.js  (0ms)  (pid 30252)
Compiled home.css  (202ms)  (pid 30252)
Compiled main.css  (0ms)  (pid 30252)
Compiled normalize.min.css  (0ms)  (pid 30252)
Compiled scaffolds.css  (84ms)  (pid 30252)
Compiled application.css  (698ms)  (pid 30252)
Compiled application.js  (0ms)  (pid 8606)
Compiled home.css  (312ms)  (pid 8606)
Compiled main.css  (0ms)  (pid 8606)
Compiled normalize.min.css  (0ms)  (pid 8606)
Compiled scaffolds.css  (2ms)  (pid 8606)
Compiled application.css  (1010ms)  (pid 8606)
Compiled application.js  (0ms)  (pid 8606)
Compiled home.css  (95ms)  (pid 8606)
Compiled main.css  (0ms)  (pid 8606)
Compiled normalize.min.css  (0ms)  (pid 8606)
Compiled scaffolds.css  (2ms)  (pid 8606)
Compiled application.css  (390ms)  (pid 8606)
